<?xml version="1.0" encoding="UTF-8"?>
<!-- Generated by org.testng.reporters.JUnitReportReporter -->
<testsuite skipped="0" hostname="ADMIN-PC" name="test1.test1.App" tests="1" failures="0" timestamp="31 Aug 2018 10:22:04 GMT" time="37.793" errors="0">
  <testcase name="openPage" time="37.793" classname="test1.test1.App"/>
</testsuite> <!-- test1.test1.App -->
